SELECT collMdp,collStatut FROM collaborateur WHERE collMatricule = 'TEST45'
Array
SELECT collMdp,collStatut FROM collaborateur WHERE collMatricule = 'TEST45'
Array
SELECT collMdp,collStatut FROM collaborateur WHERE collMatricule = 'TEST45'
Array
SELECT collMdp,collStatut FROM collaborateur WHERE collMatricule = 'TEST'

SELECT collMdp,collStatut FROM collaborateur WHERE collMatricule = 'TEST45'
Array
SELECT collMdp,collStatut FROM collaborateur WHERE collMatricule = 'TEST45'
Array
SELECT collMdp,collStatut FROM collaborateur WHERE collMatricule = 'TEST45'
Array
SELECT collMdp,collStatut FROM collaborateur WHERE collMatricule = 'TEST45'
Array
SELECT collMdp,collStatut FROM collaborateur WHERE collMatricule = 'TEST45'
Array
SELECT collMdp,collStatut FROM collaborateur WHERE collMatricule = 'TEST45'
Array
SELECT collMdp,collStatut FROM collaborateur WHERE collMatricule = 'TEST45'
Array
SELECT collMdp,collStatut FROM collaborateur WHERE collMatricule = 'TEST45'
Array
SELECT collMdp,collStatut,collMatricule FROM collaborateur WHERE collMatricule = 'TEST45'
Array
SELECT collMdp,collStatut,collMatricule FROM collaborateur WHERE collMatricule = 'TEST45'
Array
SELECT collMdp,collStatut,collMatricule FROM collaborateur WHERE collMatricule = 'TEST45'
Array
SELECT collMdp,collStatut,collMatricule FROM collaborateur WHERE collMatricule = 'TEST45'
Array
SELECT collMdp,collStatut,collMatricule FROM collaborateur WHERE collMatricule = 'TEST45'
Array
SELECT collMdp,collStatut,collMatricule FROM collaborateur WHERE collMatricule = 'TEST45'
Array
SELECT collMdp,collStatut,collMatricule FROM collaborateur WHERE collMatricule = 'TEST45'
Array
SELECT collMdp,collStatut,collMatricule FROM collaborateur WHERE collMatricule = 'TEST45'
Array
SELECT collMdp,collStatut,collMatricule FROM collaborateur WHERE collMatricule = 'TEST45'
Array
SELECT collMdp,collStatut,collMatricule FROM collaborateur WHERE collMatricule = 'TEST45'
Array
SELECT collMdp,collStatut,collMatricule FROM collaborateur WHERE collMatricule = 'TEST45'
Array
SELECT collMdp,collStatut,collMatricule FROM collaborateur WHERE collMatricule = 'SOSOREN'
Array
SELECT collMdp,collStatut,collMatricule FROM collaborateur WHERE collMatricule = 'SOSOREN'
Array
SELECT collMdp,collStatut,collMatricule FROM collaborateur WHERE collMatricule = 'SOSOREN'
Array
SELECT collMdp,collStatut,collMatricule FROM collaborateur WHERE collMatricule = 'SOSOREN'
Array
SELECT collMdp,collStatut,collMatricule FROM collaborateur WHERE collMatricule = 'SOSOREN'
Array
SELECT collMdp,collStatut,collMatricule FROM collaborateur WHERE collMatricule = 'SOSOREN'
Array
SELECT collMdp,collStatut,collMatricule FROM collaborateur WHERE collMatricule = 'SOSOREN'
Array
SELECT collMdp,collStatut,collMatricule FROM collaborateur WHERE collMatricule = 'SOSOREN '
Array
